{"C:\\Users\\Valpe\\OneDrive\\Escritorio\\React-test\\src\\components\\component.js": {"path":"C:\\Users\\Valpe\\OneDrive\\Escritorio\\React-test\\src\\components\\component.js","statementMap":{"0":{"start":{"line":1,"column":18},"end":{"line":3,"column":1}},"1":{"start":{"line":2,"column":4},"end":{"line":2,"column":27}},"2":{"start":{"line":5,"column":0},"end":{"line":5,"column":27}}},"fnMap":{"0":{"name":"(anonymous_0)","decl":{"start":{"line":1,"column":18},"end":{"line":1,"column":19}},"loc":{"start":{"line":1,"column":38},"end":{"line":3,"column":1}},"line":1}},"branchMap":{},"s":{"0":1,"1":3,"2":1},"f":{"0":3},"b":{},"_coverageSchema":"1a1c01bbd47fc00a2c39e90264f33305004495a9","hash":"8e9fcbf60d4eaa723ad5ef37f4b49abc45b2cd6a"}
}
